# JRE version: OpenJDK Runtime Environment Temurin-21.0.2+13 (21.0.2+13) (build 21.0.2+13-LTS)
# Java VM: OpenJDK 64-Bit Server VM Temurin-21.0.2+13 (21.0.2+13-LTS, mixed mode, sharing, tiered, compressed oops, compressed class ptrs, g1 gc, windows-amd64)
GC Precious Log:
 CardTable entry size: 512
 Card Set container configuration: InlinePtr #cards 4 size 8 Array Of Cards #cards 32 size 80 Howl #buckets 8 coarsen threshold 7372 Howl Bitmap #cards 1024 size 144 coarsen threshold 921 Card regions per heap region 1 cards per card region 8192
 CPUs: 16 total, 16 available
 Memory: 32676M
 Large Page Support: Disabled
 NUMA Support: Disabled
 Compressed Oops: Enabled (Zero based)
 Heap Region Size: 4M
 Heap Min Capacity: 8M
 Heap Initial Capacity: 512M
 Heap Max Capacity: 8172M
 Pre-touch: Disabled
 Parallel Workers: 13
 Concurrent Workers: 3
 Concurrent Refinement Workers: 13
 Periodic GC: Disabled
Heap:
 garbage-first heap   total 196608K, used 91934K [0x0000000601400000, 0x0000000800000000)
  region size 4096K, 6 young (24576K), 2 survivors (8192K)
 Metaspace       used 24357K, committed 24704K, reserved 1114112K
  class space    used 3259K, committed 3392K, reserved 1048576K
GC Heap History (10 events):
Event: 0.632 GC heap before
{Heap before GC invocations=0 (full 0):
 garbage-first heap   total 524288K, used 20480K [0x0000000601400000, 0x0000000800000000)
  region size 4096K, 6 young (24576K), 0 survivors (0K)
 Metaspace       used 6423K, committed 6656K, reserved 1114112K
  class space    used 828K, committed 896K, reserved 1048576K
}
Event: 0.636 GC heap after
{Heap after GC invocations=1 (full 0):
 garbage-first heap   total 524288K, used 4166K [0x0000000601400000, 0x0000000800000000)
  region size 4096K, 1 young (4096K), 1 survivors (4096K)
 Metaspace       used 6423K, committed 6656K, reserved 1114112K
  class space    used 828K, committed 896K, reserved 1048576K
}
Event: 1.157 GC heap before
{Heap before GC invocations=1 (full 0):
 garbage-first heap   total 524288K, used 32838K [0x0000000601400000, 0x0000000800000000)
  region size 4096K, 8 young (32768K), 1 survivors (4096K)
 Metaspace       used 13458K, committed 13696K, reserved 1114112K
  class space    used 1979K, committed 2048K, reserved 1048576K
}
Event: 1.161 GC heap after
{Heap after GC invocations=2 (full 0):
 garbage-first heap   total 524288K, used 7122K [0x0000000601400000, 0x0000000800000000)
  region size 4096K, 1 young (4096K), 1 survivors (4096K)
 Metaspace       used 13458K, committed 13696K, reserved 1114112K
  class space    used 1979K, committed 2048K, reserved 1048576K
}
Event: 2.639 GC heap before
{Heap before GC invocations=2 (full 0):
 garbage-first heap   total 524288K, used 76754K [0x0000000601400000, 0x0000000800000000)
  region size 4096K, 14 young (57344K), 1 survivors (4096K)
 Metaspace       used 21163K, committed 21504K, reserved 1114112K
  class space    used 3020K, committed 3200K, reserved 1048576K
}
Event: 2.645 GC heap after
{Heap after GC invocations=3 (full 0):
 garbage-first heap   total 524288K, used 46741K [0x0000000601400000, 0x0000000800000000)
  region size 4096K, 3 young (12288K), 3 survivors (12288K)
 Metaspace       used 21163K, committed 21504K, reserved 1114112K
  class space    used 3020K, committed 3200K, reserved 1048576K
}
Event: 45.319 GC heap before
{Heap before GC invocations=4 (full 0):
 garbage-first heap   total 180224K, used 177813K [0x0000000601400000, 0x0000000800000000)
  region size 4096K, 35 young (143360K), 3 survivors (12288K)
 Metaspace       used 22554K, committed 22912K, reserved 1114112K
  class space    used 3092K, committed 3264K, reserved 1048576K
}
Event: 45.323 GC heap after
{Heap after GC invocations=5 (full 0):
 garbage-first heap   total 196608K, used 48996K [0x0000000601400000, 0x0000000800000000)
  region size 4096K, 4 young (16384K), 4 survivors (16384K)
 Metaspace       used 22554K, committed 22912K, reserved 1114112K
  class space    used 3092K, committed 3264K, reserved 1048576K
}
Event: 64.239 GC heap before
{Heap before GC invocations=5 (full 0):
 garbage-first heap   total 196608K, used 147300K [0x0000000601400000, 0x0000000800000000)
  region size 4096K, 28 young (114688K), 4 survivors (16384K)
 Metaspace       used 24153K, committed 24448K, reserved 1114112K
  class space    used 3241K, committed 3392K, reserved 1048576K
}
Event: 64.245 GC heap after
{Heap after GC invocations=6 (full 0):
 garbage-first heap   total 196608K, used 46878K [0x0000000601400000, 0x0000000800000000)
  region size 4096K, 2 young (8192K), 2 survivors (8192K)
 Metaspace       used 24153K, committed 24448K, reserved 1114112K
  class space    used 3241K, committed 3392K, reserved 1048576K
}

